['Name', 'ID', 'accstate', 'datastate', 'deviceMTM', 'datatype', 'extpool', 'exts', 'cap', 'volgrp', 'ranks', 'sam', 'perfgrp', 'resgrp', 'GUID']
['E8802_vios3', '0000', 'Online', 'Normal', '2107-900', 'FB', 'P2', '200', '', 'V65', '7', 'Standard', 'PG0', 'RG0', '6005076305FFD7CC0000000000000000']
['test', '0001', 'Online', 'Normal', '2107-900', 'FB', 'P0', '10', '', '-', '1', 'Standard', 'PG0', 'RG0', '6005076305FFD7CC0000000000000001']
['E8802_vios3_', '0002', 'Online', 'Normal', '2107-900', 'FB', 'P2', '200', '', 'V65', '7', 'Standard', 'PG0', 'RG0', '6005076305FFD7CC0000000000000002']
['E8801_VIOS2', '0003', 'Online', 'Normal', '2107-900', 'FB', 'P2', '100', '', 'V2', '7', 'Standard', 'PG0', 'RG0', '6005076305FFD7CC0000000000000003']
['E8802_VIOS2', '0004', 'Online', 'Normal', '2107-900', 'FB', 'P2', '100', '', 'V7', '7', 'Standard', 'PG0', 'RG0', '6005076305FFD7CC0000000000000004']
['DR_MBOX_03_#h', '0021', 'Online', 'Normal', '2107-900', 'FB', 'P2', '400', '', 'V54', '7', 'Standard', 'PG0', 'RG0', '6005076305FFD7CC0000000000000021']
['DR_MBOX_04_#h', '0022', 'Online', 'Normal', '2107-900', 'FB', 'P2', '400', '', '-', '7', 'Standard', 'PG0', 'RG0', '6005076305FFD7CC0000000000000022']
['DRBLADE14_DC03', '003A', 'Online', 'Normal', '2107-900', 'FB', 'P2', '400', '', 'V49', '7', 'Standard', 'PG0', 'RG0', '6005076305FFD7CC000000000000003A']
['test', '0100', 'Online', 'Normal', '2107-900', 'FB', 'P1', '10', '', '-', '2', 'Standard', 'PG0', 'RG0', '6005076305FFD7CC0000000000000100']
['E8801_VIOS1_', '0101', 'Online', 'Normal', '2107-900', 'FB', 'P1', '200', '', 'V66', '2', 'Standard', 'PG0', 'RG0', '6005076305FFD7CC0000000000000101']
['T24APP6_B1', '1000', 'Online', 'Normal', '2107-900', 'FB', 'P2', '100', '', 'V1', '7', 'Standard', 'PG0', 'RG0', '6005076305FFD7CC0000000000001000']
['DR795TSMRVG_2000', '2000', 'Online', 'Normal', '2107-900', 'FB', 'P2', '100', '', 'V0', '7', 'Standard', 'PG0', 'RG0', '6005076305FFD7CC0000000000002000']
['E8802_T24DB2_B2', '3001', 'Online', 'Normal', '2107-900', 'FB', 'P2', '100', '', 'V8', '7', 'Standard', 'PG0', 'RG0', '6005076305FFD7CC0000000000003001']
['T24DB1_U01VG_1', '3010', 'Online', 'Normal', '2107-900', 'FB', 'P2', '100', '', 'V4', '7', 'Standard', 'PG0', 'RG0', '6005076305FFD7CC0000000000003010']
['T24DB2_U01VG_1', '3011', 'Online', 'Normal', '2107-900', 'FB', 'P2', '100', '', 'V9', '7', 'Standard', 'PG0', 'RG0', '6005076305FFD7CC0000000000003011']
['T24DB1_U02VG_1', '3012', 'Online', 'Normal', '2107-900', 'FB', 'P2', '100', '', 'V4', '7', 'Standard', 'PG0', 'RG0', '6005076305FFD7CC0000000000003012']
['T24DB_OCR_1', '3020', 'Online', 'Normal', '2107-900', 'FB', 'P2', '1', '', 'V4,V9', '1', 'Standard', 'PG0', 'RG0', '6005076305FFD7CC0000000000003020']
['T24DB_OCR_2', '3021', 'Online', 'Normal', '2107-900', 'FB', 'P2', '1', '', 'V4,V9', '1', 'Standard', 'PG0', 'RG0', '6005076305FFD7CC0000000000003021']
['T24DB1_PAGING', '3030', 'Online', 'Normal', '2107-900', 'FB', 'P2', '36', '', 'V4', '7', 'Standard', 'PG0', 'RG0', '6005076305FFD7CC0000000000003030']
['E880T24DB_OCR_1', '3031', 'Online', 'Normal', '2107-900', 'FB', 'P0', '1', '', 'V4,V9', '1', 'Standard', 'PG0', 'RG0', '6005076305FFD7CC0000000000003031']
['E880T24DB_OCR_2', '3032', 'Online', 'Normal', '2107-900', 'FB', 'P0', '1', '', 'V4,V9', '1', 'Standard', 'PG0', 'RG0', '6005076305FFD7CC0000000000003032']
['E8801_T24DB1_B2', '3101', 'Online', 'Normal', '2107-900', 'FB', 'P1', '150', '', 'V3', '2', 'Standard', 'PG0', 'RG0', '6005076305FFD7CC0000000000003101']
['T24DB1_U01VG_2', '3110', 'Online', 'Normal', '2107-900', 'FB', 'P1', '100', '', 'V4', '2', 'Standard', 'PG0', 'RG0', '6005076305FFD7CC0000000000003110']
['T24DB2_U01VG_2', '3111', 'Online', 'Normal', '2107-900', 'FB', 'P1', '100', '', 'V9', '2', 'Standard', 'PG0', 'RG0', '6005076305FFD7CC0000000000003111']
['T24DB2_U02VG_1', '3112', 'Online', 'Normal', '2107-900', 'FB', 'P1', '100', '', 'V9', '2', 'Standard', 'PG0', 'RG0', '6005076305FFD7CC0000000000003112']
['T24DB_OCR_3', '3121', 'Online', 'Normal', '2107-900', 'FB', 'P3', '1', '', 'V4,V9', '1', 'Standard', 'PG0', 'RG0', '6005076305FFD7CC0000000000003121']
['E880DB_ASM_3126', '3126', 'Online', 'Normal', '2107-900', 'FB', 'P1', '100', '', 'V4,V9', '1', 'Standard', 'PG0', 'RG0', '6005076305FFD7CC0000000000003126']
['T24DB2_PAGING', '3130', 'Online', 'Normal', '2107-900', 'FB', 'P3', '36', '', 'V9', '4', 'Standard', 'PG0', 'RG0', '6005076305FFD7CC0000000000003130']
['E880T24DB_OCR_3', '3131', 'Online', 'Normal', '2107-900', 'FB', 'P1', '1', '', 'V4,V9', '1', 'Standard', 'PG0', 'RG0', '6005076305FFD7CC0000000000003131']
['DBLIVE_ARCV_3200', '3200', 'Online', 'Normal', '2107-900', 'FB', 'P2', '100', '', 'V4,V9', '7', 'Standard', 'PG0', 'RG0', '6005076305FFD7CC0000000000003200']
['DBLIVE_ARCV_3201', '3201', 'Online', 'Normal', '2107-900', 'FB', 'P2', '100', '', 'V4,V9', '7', 'Standard', 'PG0', 'RG0', '6005076305FFD7CC0000000000003201']
['DBLIVE_ARCV_3202', '3202', 'Online', 'Normal', '2107-900', 'FB', 'P2', '100', '', 'V4,V9', '7', 'Standard', 'PG0', 'RG0', '6005076305FFD7CC0000000000003202']
['DBLIVE_ARCV_3203', '3203', 'Online', 'Normal', '2107-900', 'FB', 'P2', '100', '', 'V4,V9', '7', 'Standard', 'PG0', 'RG0', '6005076305FFD7CC0000000000003203']
['DBLIVE_ARCV_3204', '3204', 'Online', 'Normal', '2107-900', 'FB', 'P2', '100', '', 'V4,V9', '7', 'Standard', 'PG0', 'RG0', '6005076305FFD7CC0000000000003204']
['DBLIVE_ARCV_3205', '3205', 'Online', 'Normal', '2107-900', 'FB', 'P2', '100', '', 'V4,V9', '7', 'Standard', 'PG0', 'RG0', '6005076305FFD7CC0000000000003205']
['DBLIVE_ARCV_3206', '3206', 'Online', 'Normal', '2107-900', 'FB', 'P2', '100', '', 'V4,V9', '7', 'Standard', 'PG0', 'RG0', '6005076305FFD7CC0000000000003206']
['DBLIVE_ARCV_3207', '3207', 'Online', 'Normal', '2107-900', 'FB', 'P2', '100', '', 'V4,V9', '7', 'Standard', 'PG0', 'RG0', '6005076305FFD7CC0000000000003207']
['DBLIVE_ARCV_3208', '3208', 'Online', 'Normal', '2107-900', 'FB', 'P2', '100', '', 'V4,V9', '7', 'Standard', 'PG0', 'RG0', '6005076305FFD7CC0000000000003208']
['DBLIVE_ARCV_3209', '3209', 'Online', 'Normal', '2107-900', 'FB', 'P2', '100', '', 'V4,V9', '7', 'Standard', 'PG0', 'RG0', '6005076305FFD7CC0000000000003209']
['DBLIVE_ARCV_320A', '320A', 'Online', 'Normal', '2107-900', 'FB', 'P2', '100', '', 'V4,V9', '7', 'Standard', 'PG0', 'RG0', '6005076305FFD7CC000000000000320A']
['DBLIVE_ARCV_320B', '320B', 'Online', 'Normal', '2107-900', 'FB', 'P2', '100', '', 'V4,V9', '7', 'Standard', 'PG0', 'RG0', '6005076305FFD7CC000000000000320B']
['DBLIVE_ARCV_320C', '320C', 'Online', 'Normal', '2107-900', 'FB', 'P2', '100', '', 'V4,V9', '7', 'Standard', 'PG0', 'RG0', '6005076305FFD7CC000000000000320C']
['DBLIVE_ARCV_320D', '320D', 'Online', 'Normal', '2107-900', 'FB', 'P2', '100', '', 'V4,V9', '7', 'Standard', 'PG0', 'RG0', '6005076305FFD7CC000000000000320D']
['DBLIVE_ARCV_320E', '320E', 'Online', 'Normal', '2107-900', 'FB', 'P2', '100', '', 'V4,V9', '7', 'Standard', 'PG0', 'RG0', '6005076305FFD7CC000000000000320E']
['DBLIVE_ARCV_320F', '320F', 'Online', 'Normal', '2107-900', 'FB', 'P2', '100', '', 'V4,V9', '7', 'Standard', 'PG0', 'RG0', '6005076305FFD7CC000000000000320F']
['DBLIVE_ARCV_3210', '3210', 'Online', 'Normal', '2107-900', 'FB', 'P2', '100', '', 'V4,V9', '7', 'Standard', 'PG0', 'RG0', '6005076305FFD7CC0000000000003210']
['DBLIVE_ARCV_3211', '3211', 'Online', 'Normal', '2107-900', 'FB', 'P2', '100', '', 'V4,V9', '7', 'Standard', 'PG0', 'RG0', '6005076305FFD7CC0000000000003211']
['DBLIVE_ARCV_3212', '3212', 'Online', 'Normal', '2107-900', 'FB', 'P2', '100', '', 'V4,V9', '7', 'Standard', 'PG0', 'RG0', '6005076305FFD7CC0000000000003212']
['DBLIVE_ARCV_3213', '3213', 'Online', 'Normal', '2107-900', 'FB', 'P2', '100', '', 'V4,V9', '7', 'Standard', 'PG0', 'RG0', '6005076305FFD7CC0000000000003213']
['DBLIVE_ARCV_3214', '3214', 'Online', 'Normal', '2107-900', 'FB', 'P2', '100', '', 'V4,V9', '7', 'Standard', 'PG0', 'RG0', '6005076305FFD7CC0000000000003214']
['DBLIVE_ARCV_3215', '3215', 'Online', 'Normal', '2107-900', 'FB', 'P2', '100', '', 'V4,V9', '7', 'Standard', 'PG0', 'RG0', '6005076305FFD7CC0000000000003215']
['DBLIVE_ARCV_3216', '3216', 'Online', 'Normal', '2107-900', 'FB', 'P2', '100', '', 'V4,V9', '7', 'Standard', 'PG0', 'RG0', '6005076305FFD7CC0000000000003216']
['DBLIVE_ARCV_3217', '3217', 'Online', 'Normal', '2107-900', 'FB', 'P2', '100', '', 'V4,V9', '7', 'Standard', 'PG0', 'RG0', '6005076305FFD7CC0000000000003217']
['DBLIVE_ARCV_3218', '3218', 'Online', 'Normal', '2107-900', 'FB', 'P2', '100', '', 'V4,V9', '7', 'Standard', 'PG0', 'RG0', '6005076305FFD7CC0000000000003218']
['DBLIVE_ARCV_3219', '3219', 'Online', 'Normal', '2107-900', 'FB', 'P2', '100', '', 'V4,V9', '7', 'Standard', 'PG0', 'RG0', '6005076305FFD7CC0000000000003219']
['DBLIVE_ARCV_321A', '321A', 'Online', 'Normal', '2107-900', 'FB', 'P2', '100', '', 'V4,V9', '7', 'Standard', 'PG0', 'RG0', '6005076305FFD7CC000000000000321A']
['DBLIVE_ARCV_321B', '321B', 'Online', 'Normal', '2107-900', 'FB', 'P2', '100', '', 'V4,V9', '7', 'Standard', 'PG0', 'RG0', '6005076305FFD7CC000000000000321B']
['DBLIVE_ARCV_321C', '321C', 'Online', 'Normal', '2107-900', 'FB', 'P2', '100', '', 'V4,V9', '7', 'Standard', 'PG0', 'RG0', '6005076305FFD7CC000000000000321C']
['DBLIVE_ARCV_321D', '321D', 'Online', 'Normal', '2107-900', 'FB', 'P2', '100', '', 'V4,V9', '7', 'Standard', 'PG0', 'RG0', '6005076305FFD7CC000000000000321D']
['DBLIVE_ASM_3220', '3220', 'Online', 'Normal', '2107-900', 'FB', 'P2', '100', '', 'V4,V9', '7', 'Standard', 'PG0', 'RG0', '6005076305FFD7CC0000000000003220']
['DBLIVE_ASM_3221', '3221', 'Online', 'Normal', '2107-900', 'FB', 'P2', '100', '', 'V4,V9', '7', 'Standard', 'PG0', 'RG0', '6005076305FFD7CC0000000000003221']
['DBLIVE_ASM_3222', '3222', 'Online', 'Normal', '2107-900', 'FB', 'P2', '100', '', 'V4,V9', '7', 'Standard', 'PG0', 'RG0', '6005076305FFD7CC0000000000003222']
['DBLIVE_ASM_3223', '3223', 'Online', 'Normal', '2107-900', 'FB', 'P2', '100', '', 'V4,V9', '7', 'Standard', 'PG0', 'RG0', '6005076305FFD7CC0000000000003223']
['DBLIVE_ASM_3224', '3224', 'Online', 'Normal', '2107-900', 'FB', 'P2', '100', '', 'V4,V9', '7', 'Standard', 'PG0', 'RG0', '6005076305FFD7CC0000000000003224']
['DBLIVE_ASM_3225', '3225', 'Online', 'Normal', '2107-900', 'FB', 'P2', '100', '', 'V4,V9', '7', 'Standard', 'PG0', 'RG0', '6005076305FFD7CC0000000000003225']
['DBLIVE_ASM_3226', '3226', 'Online', 'Normal', '2107-900', 'FB', 'P2', '100', '', 'V4,V9', '7', 'Standard', 'PG0', 'RG0', '6005076305FFD7CC0000000000003226']
['DBLIVE_ASM_3227', '3227', 'Online', 'Normal', '2107-900', 'FB', 'P2', '100', '', 'V4,V9', '7', 'Standard', 'PG0', 'RG0', '6005076305FFD7CC0000000000003227']
['DBLIVE_ASM_3228', '3228', 'Online', 'Normal', '2107-900', 'FB', 'P2', '100', '', 'V4,V9', '7', 'Standard', 'PG0', 'RG0', '6005076305FFD7CC0000000000003228']
['DBLIVE_ASM_3229', '3229', 'Online', 'Normal', '2107-900', 'FB', 'P2', '100', '', 'V4,V9', '7', 'Standard', 'PG0', 'RG0', '6005076305FFD7CC0000000000003229']
['DBLIVE_ASM_322A', '322A', 'Online', 'Normal', '2107-900', 'FB', 'P2', '100', '', 'V4,V9', '7', 'Standard', 'PG0', 'RG0', '6005076305FFD7CC000000000000322A']
['DBLIVE_ASM_322B', '322B', 'Online', 'Normal', '2107-900', 'FB', 'P2', '100', '', 'V4,V9', '7', 'Standard', 'PG0', 'RG0', '6005076305FFD7CC000000000000322B']
['DBLIVE_ASM_322C', '322C', 'Online', 'Normal', '2107-900', 'FB', 'P2', '100', '', 'V4,V9', '7', 'Standard', 'PG0', 'RG0', '6005076305FFD7CC000000000000322C']
['DBLIVE_ASM_322D', '322D', 'Online', 'Normal', '2107-900', 'FB', 'P2', '100', '', 'V4,V9', '7', 'Standard', 'PG0', 'RG0', '6005076305FFD7CC000000000000322D']
['DBLIVE_ASM_322E', '322E', 'Online', 'Normal', '2107-900', 'FB', 'P2', '100', '', 'V4,V9', '7', 'Standard', 'PG0', 'RG0', '6005076305FFD7CC000000000000322E']
['DBLIVE_ASM_322F', '322F', 'Online', 'Normal', '2107-900', 'FB', 'P2', '100', '', 'V4,V9', '7', 'Standard', 'PG0', 'RG0', '6005076305FFD7CC000000000000322F']
['DBLIVE_ASM_3230', '3230', 'Online', 'Normal', '2107-900', 'FB', 'P2', '100', '', 'V4,V9', '7', 'Standard', 'PG0', 'RG0', '6005076305FFD7CC0000000000003230']
['DBLIVE_ASM_3231', '3231', 'Online', 'Normal', '2107-900', 'FB', 'P2', '100', '', 'V4,V9', '7', 'Standard', 'PG0', 'RG0', '6005076305FFD7CC0000000000003231']
['DBLIVE_ASM_3232', '3232', 'Online', 'Normal', '2107-900', 'FB', 'P2', '100', '', 'V4,V9', '7', 'Standard', 'PG0', 'RG0', '6005076305FFD7CC0000000000003232']
['DBLIVE_ASM_3233', '3233', 'Online', 'Normal', '2107-900', 'FB', 'P2', '100', '', 'V4,V9', '7', 'Standard', 'PG0', 'RG0', '6005076305FFD7CC0000000000003233']
['DBLIVE_ASM_3234', '3234', 'Online', 'Normal', '2107-900', 'FB', 'P2', '100', '', 'V4,V9', '7', 'Standard', 'PG0', 'RG0', '6005076305FFD7CC0000000000003234']
['DBLIVE_ASM_3235', '3235', 'Online', 'Normal', '2107-900', 'FB', 'P2', '100', '', 'V4,V9', '7', 'Standard', 'PG0', 'RG0', '6005076305FFD7CC0000000000003235']
['DBLIVE_ASM_3236', '3236', 'Online', 'Normal', '2107-900', 'FB', 'P2', '100', '', 'V4,V9', '7', 'Standard', 'PG0', 'RG0', '6005076305FFD7CC0000000000003236']
['DBLIVE_ASM_3237', '3237', 'Online', 'Normal', '2107-900', 'FB', 'P2', '100', '', 'V4,V9', '7', 'Standard', 'PG0', 'RG0', '6005076305FFD7CC0000000000003237']
['DBLIVE_ASM_3238', '3238', 'Online', 'Normal', '2107-900', 'FB', 'P2', '100', '', 'V4,V9', '7', 'Standard', 'PG0', 'RG0', '6005076305FFD7CC0000000000003238']
['DBLIVE_ASM_3239', '3239', 'Online', 'Normal', '2107-900', 'FB', 'P2', '100', '', 'V4,V9', '7', 'Standard', 'PG0', 'RG0', '6005076305FFD7CC0000000000003239']
['DBLIVE_ASM_323A', '323A', 'Online', 'Normal', '2107-900', 'FB', 'P2', '100', '', 'V4,V9', '7', 'Standard', 'PG0', 'RG0', '6005076305FFD7CC000000000000323A']
['DBLIVE_ASM_323B', '323B', 'Online', 'Normal', '2107-900', 'FB', 'P2', '100', '', 'V4,V9', '7', 'Standard', 'PG0', 'RG0', '6005076305FFD7CC000000000000323B']
['DBLIVE_ASM_323C', '323C', 'Online', 'Normal', '2107-900', 'FB', 'P2', '100', '', 'V4,V9', '7', 'Standard', 'PG0', 'RG0', '6005076305FFD7CC000000000000323C']
['DBLIVE_ASM_323D', '323D', 'Online', 'Normal', '2107-900', 'FB', 'P2', '100', '', 'V4,V9', '7', 'Standard', 'PG0', 'RG0', '6005076305FFD7CC000000000000323D']
['DBLIVE_ASM_323E', '323E', 'Online', 'Normal', '2107-900', 'FB', 'P2', '100', '', 'V4,V9', '7', 'Standard', 'PG0', 'RG0', '6005076305FFD7CC000000000000323E']
['DBLIVE_ASM_3240', '3240', 'Online', 'Normal', '2107-900', 'FB', 'P2', '100', '', 'V4,V9', '7', 'Standard', 'PG0', 'RG0', '6005076305FFD7CC0000000000003240']
['DBLIVE_ASM_3241', '3241', 'Online', 'Normal', '2107-900', 'FB', 'P2', '100', '', 'V4,V9', '7', 'Standard', 'PG0', 'RG0', '6005076305FFD7CC0000000000003241']
['DBLIVE_ASM_3242', '3242', 'Online', 'Normal', '2107-900', 'FB', 'P2', '100', '', 'V4,V9', '7', 'Standard', 'PG0', 'RG0', '6005076305FFD7CC0000000000003242']
['DBLIVE_ASM_3243', '3243', 'Online', 'Normal', '2107-900', 'FB', 'P2', '100', '', 'V4,V9', '7', 'Standard', 'PG0', 'RG0', '6005076305FFD7CC0000000000003243']
['DBLIVE_ASM_3244', '3244', 'Online', 'Normal', '2107-900', 'FB', 'P2', '100', '', 'V4,V9', '7', 'Standard', 'PG0', 'RG0', '6005076305FFD7CC0000000000003244']
['DBLIVE_ASM_3245', '3245', 'Online', 'Normal', '2107-900', 'FB', 'P2', '100', '', 'V4,V9', '7', 'Standard', 'PG0', 'RG0', '6005076305FFD7CC0000000000003245']
['DBLIVE_ASM_3246', '3246', 'Online', 'Normal', '2107-900', 'FB', 'P2', '100', '', 'V4,V9', '7', 'Standard', 'PG0', 'RG0', '6005076305FFD7CC0000000000003246']
['DBLIVE_ASM_3247', '3247', 'Online', 'Normal', '2107-900', 'FB', 'P2', '100', '', 'V4,V9', '7', 'Standard', 'PG0', 'RG0', '6005076305FFD7CC0000000000003247']
['DBLIVE_ASM_3248', '3248', 'Online', 'Normal', '2107-900', 'FB', 'P2', '100', '', 'V4,V9', '7', 'Standard', 'PG0', 'RG0', '6005076305FFD7CC0000000000003248']
['DBLIVE_ASM_3249', '3249', 'Online', 'Normal', '2107-900', 'FB', 'P2', '100', '', 'V4,V9', '7', 'Standard', 'PG0', 'RG0', '6005076305FFD7CC0000000000003249']
['DBLIVE_ASM_324A', '324A', 'Online', 'Normal', '2107-900', 'FB', 'P2', '100', '', 'V4,V9', '7', 'Standard', 'PG0', 'RG0', '6005076305FFD7CC000000000000324A']
['DBLIVE_ASM_324B', '324B', 'Online', 'Normal', '2107-900', 'FB', 'P2', '100', '', 'V4,V9', '7', 'Standard', 'PG0', 'RG0', '6005076305FFD7CC000000000000324B']
['DBLIVE_ARCV_3300', '3300', 'Online', 'Normal', '2107-900', 'FB', 'P3', '100', '', 'V4,V9', '4', 'Standard', 'PG0', 'RG0', '6005076305FFD7CC0000000000003300']
['DBLIVE_ARCV_3301', '3301', 'Online', 'Normal', '2107-900', 'FB', 'P3', '100', '', 'V4,V9', '4', 'Standard', 'PG0', 'RG0', '6005076305FFD7CC0000000000003301']
['DBLIVE_ARCV_3302', '3302', 'Online', 'Normal', '2107-900', 'FB', 'P3', '100', '', 'V4,V9', '4', 'Standard', 'PG0', 'RG0', '6005076305FFD7CC0000000000003302']
['DBLIVE_ARCV_3303', '3303', 'Online', 'Normal', '2107-900', 'FB', 'P3', '100', '', 'V4,V9', '4', 'Standard', 'PG0', 'RG0', '6005076305FFD7CC0000000000003303']
['DBLIVE_ARCV_3304', '3304', 'Online', 'Normal', '2107-900', 'FB', 'P3', '100', '', 'V4,V9', '4', 'Standard', 'PG0', 'RG0', '6005076305FFD7CC0000000000003304']
['DBLIVE_ARCV_3305', '3305', 'Online', 'Normal', '2107-900', 'FB', 'P3', '100', '', 'V4,V9', '4', 'Standard', 'PG0', 'RG0', '6005076305FFD7CC0000000000003305']
['DBLIVE_ARCV_3306', '3306', 'Online', 'Normal', '2107-900', 'FB', 'P3', '100', '', 'V4,V9', '4', 'Standard', 'PG0', 'RG0', '6005076305FFD7CC0000000000003306']
['DBLIVE_ARCV_3307', '3307', 'Online', 'Normal', '2107-900', 'FB', 'P3', '100', '', 'V4,V9', '4', 'Standard', 'PG0', 'RG0', '6005076305FFD7CC0000000000003307']
['DBLIVE_ARCV_3308', '3308', 'Online', 'Normal', '2107-900', 'FB', 'P3', '100', '', 'V4,V9', '4', 'Standard', 'PG0', 'RG0', '6005076305FFD7CC0000000000003308']
['DBLIVE_ARCV_3309', '3309', 'Online', 'Normal', '2107-900', 'FB', 'P3', '100', '', 'V4,V9', '4', 'Standard', 'PG0', 'RG0', '6005076305FFD7CC0000000000003309']
['DBLIVE_ARCV_330A', '330A', 'Online', 'Normal', '2107-900', 'FB', 'P3', '100', '', 'V4,V9', '4', 'Standard', 'PG0', 'RG0', '6005076305FFD7CC000000000000330A']
['DBLIVE_ARCV_330B', '330B', 'Online', 'Normal', '2107-900', 'FB', 'P3', '100', '', 'V4,V9', '4', 'Standard', 'PG0', 'RG0', '6005076305FFD7CC000000000000330B']
['DBLIVE_ARCV_330C', '330C', 'Online', 'Normal', '2107-900', 'FB', 'P3', '100', '', 'V4,V9', '4', 'Standard', 'PG0', 'RG0', '6005076305FFD7CC000000000000330C']
['DBLIVE_ARCV_330D', '330D', 'Online', 'Normal', '2107-900', 'FB', 'P3', '100', '', 'V4,V9', '4', 'Standard', 'PG0', 'RG0', '6005076305FFD7CC000000000000330D']
['DBLIVE_ARCV_330E', '330E', 'Online', 'Normal', '2107-900', 'FB', 'P3', '100', '', 'V4,V9', '4', 'Standard', 'PG0', 'RG0', '6005076305FFD7CC000000000000330E']
['DBLIVE_ARCV_330F', '330F', 'Online', 'Normal', '2107-900', 'FB', 'P3', '100', '', 'V4,V9', '4', 'Standard', 'PG0', 'RG0', '6005076305FFD7CC000000000000330F']
['DBLIVE_ARCV_3310', '3310', 'Online', 'Normal', '2107-900', 'FB', 'P3', '100', '', 'V4,V9', '4', 'Standard', 'PG0', 'RG0', '6005076305FFD7CC0000000000003310']
['DBLIVE_ARCV_3311', '3311', 'Online', 'Normal', '2107-900', 'FB', 'P3', '100', '', 'V4,V9', '4', 'Standard', 'PG0', 'RG0', '6005076305FFD7CC0000000000003311']
['DBLIVE_ARCV_3312', '3312', 'Online', 'Normal', '2107-900', 'FB', 'P3', '100', '', 'V4,V9', '4', 'Standard', 'PG0', 'RG0', '6005076305FFD7CC0000000000003312']
['DBLIVE_ARCV_3313', '3313', 'Online', 'Normal', '2107-900', 'FB', 'P3', '100', '', 'V4,V9', '4', 'Standard', 'PG0', 'RG0', '6005076305FFD7CC0000000000003313']
['DBLIVE_ARCV_3314', '3314', 'Online', 'Normal', '2107-900', 'FB', 'P3', '100', '', 'V4,V9', '4', 'Standard', 'PG0', 'RG0', '6005076305FFD7CC0000000000003314']
['DBLIVE_ARCV_3315', '3315', 'Online', 'Normal', '2107-900', 'FB', 'P3', '100', '', 'V4,V9', '4', 'Standard', 'PG0', 'RG0', '6005076305FFD7CC0000000000003315']
['DBLIVE_ARCV_3316', '3316', 'Online', 'Normal', '2107-900', 'FB', 'P3', '100', '', 'V4,V9', '4', 'Standard', 'PG0', 'RG0', '6005076305FFD7CC0000000000003316']
['DBLIVE_ARCV_3317', '3317', 'Online', 'Normal', '2107-900', 'FB', 'P3', '100', '', 'V4,V9', '4', 'Standard', 'PG0', 'RG0', '6005076305FFD7CC0000000000003317']
['DBLIVE_ARCV_3318', '3318', 'Online', 'Normal', '2107-900', 'FB', 'P3', '100', '', 'V4,V9', '4', 'Standard', 'PG0', 'RG0', '6005076305FFD7CC0000000000003318']
['DBLIVE_ARCV_3319', '3319', 'Online', 'Normal', '2107-900', 'FB', 'P3', '100', '', 'V4,V9', '4', 'Standard', 'PG0', 'RG0', '6005076305FFD7CC0000000000003319']
['DBLIVE_ARCV_331A', '331A', 'Online', 'Normal', '2107-900', 'FB', 'P3', '100', '', 'V4,V9', '4', 'Standard', 'PG0', 'RG0', '6005076305FFD7CC000000000000331A']
['DBLIVE_ARCV_331B', '331B', 'Online', 'Normal', '2107-900', 'FB', 'P3', '100', '', 'V4,V9', '4', 'Standard', 'PG0', 'RG0', '6005076305FFD7CC000000000000331B']
['DBLIVE_ARCV_331C', '331C', 'Online', 'Normal', '2107-900', 'FB', 'P3', '100', '', 'V4,V9', '4', 'Standard', 'PG0', 'RG0', '6005076305FFD7CC000000000000331C']
['DBLIVE_ARCV_331D', '331D', 'Online', 'Normal', '2107-900', 'FB', 'P3', '100', '', 'V4,V9', '4', 'Standard', 'PG0', 'RG0', '6005076305FFD7CC000000000000331D']
['DBLIVE_ASM_3320', '3320', 'Online', 'Normal', '2107-900', 'FB', 'P3', '100', '', 'V4,V9', '4', 'Standard', 'PG0', 'RG0', '6005076305FFD7CC0000000000003320']
['DBLIVE_ASM_3321', '3321', 'Online', 'Normal', '2107-900', 'FB', 'P3', '100', '', 'V4,V9', '4', 'Standard', 'PG0', 'RG0', '6005076305FFD7CC0000000000003321']
['DBLIVE_ASM_3322', '3322', 'Online', 'Normal', '2107-900', 'FB', 'P3', '100', '', 'V4,V9', '4', 'Standard', 'PG0', 'RG0', '6005076305FFD7CC0000000000003322']
['DBLIVE_ASM_3323', '3323', 'Online', 'Normal', '2107-900', 'FB', 'P3', '100', '', 'V4,V9', '4', 'Standard', 'PG0', 'RG0', '6005076305FFD7CC0000000000003323']
['DBLIVE_ASM_3324', '3324', 'Online', 'Normal', '2107-900', 'FB', 'P3', '100', '', 'V4,V9', '4', 'Standard', 'PG0', 'RG0', '6005076305FFD7CC0000000000003324']
['DBLIVE_ASM_3325', '3325', 'Online', 'Normal', '2107-900', 'FB', 'P3', '100', '', 'V4,V9', '4', 'Standard', 'PG0', 'RG0', '6005076305FFD7CC0000000000003325']
['DBLIVE_ASM_3326', '3326', 'Online', 'Normal', '2107-900', 'FB', 'P3', '100', '', 'V4,V9', '4', 'Standard', 'PG0', 'RG0', '6005076305FFD7CC0000000000003326']
['DBLIVE_ASM_3327', '3327', 'Online', 'Normal', '2107-900', 'FB', 'P3', '100', '', 'V4,V9', '4', 'Standard', 'PG0', 'RG0', '6005076305FFD7CC0000000000003327']
['DBLIVE_ASM_3328', '3328', 'Online', 'Normal', '2107-900', 'FB', 'P3', '100', '', 'V4,V9', '4', 'Standard', 'PG0', 'RG0', '6005076305FFD7CC0000000000003328']
['DBLIVE_ASM_3329', '3329', 'Online', 'Normal', '2107-900', 'FB', 'P3', '100', '', 'V4,V9', '4', 'Standard', 'PG0', 'RG0', '6005076305FFD7CC0000000000003329']
['DBLIVE_ASM_332A', '332A', 'Online', 'Normal', '2107-900', 'FB', 'P3', '100', '', 'V4,V9', '4', 'Standard', 'PG0', 'RG0', '6005076305FFD7CC000000000000332A']
['DBLIVE_ASM_332B', '332B', 'Online', 'Normal', '2107-900', 'FB', 'P3', '100', '', 'V4,V9', '4', 'Standard', 'PG0', 'RG0', '6005076305FFD7CC000000000000332B']
['DBLIVE_ASM_332C', '332C', 'Online', 'Normal', '2107-900', 'FB', 'P3', '100', '', 'V4,V9', '4', 'Standard', 'PG0', 'RG0', '6005076305FFD7CC000000000000332C']
['DBLIVE_ASM_332D', '332D', 'Online', 'Normal', '2107-900', 'FB', 'P3', '100', '', 'V4,V9', '4', 'Standard', 'PG0', 'RG0', '6005076305FFD7CC000000000000332D']
['DBLIVE_ASM_332E', '332E', 'Online', 'Normal', '2107-900', 'FB', 'P3', '100', '', 'V4,V9', '4', 'Standard', 'PG0', 'RG0', '6005076305FFD7CC000000000000332E']
['DBLIVE_ASM_332F', '332F', 'Online', 'Normal', '2107-900', 'FB', 'P3', '100', '', 'V4,V9', '4', 'Standard', 'PG0', 'RG0', '6005076305FFD7CC000000000000332F']
['DBLIVE_ASM_3330', '3330', 'Online', 'Normal', '2107-900', 'FB', 'P3', '100', '', 'V4,V9', '4', 'Standard', 'PG0', 'RG0', '6005076305FFD7CC0000000000003330']
['DBLIVE_ASM_3331', '3331', 'Online', 'Normal', '2107-900', 'FB', 'P3', '100', '', 'V4,V9', '4', 'Standard', 'PG0', 'RG0', '6005076305FFD7CC0000000000003331']
['DBLIVE_ASM_3332', '3332', 'Online', 'Normal', '2107-900', 'FB', 'P3', '100', '', 'V4,V9', '4', 'Standard', 'PG0', 'RG0', '6005076305FFD7CC0000000000003332']
['DBLIVE_ASM_3333', '3333', 'Online', 'Normal', '2107-900', 'FB', 'P3', '100', '', 'V4,V9', '4', 'Standard', 'PG0', 'RG0', '6005076305FFD7CC0000000000003333']
['DBLIVE_ASM_3334', '3334', 'Online', 'Normal', '2107-900', 'FB', 'P3', '100', '', 'V4,V9', '4', 'Standard', 'PG0', 'RG0', '6005076305FFD7CC0000000000003334']
['DBLIVE_ASM_3335', '3335', 'Online', 'Normal', '2107-900', 'FB', 'P3', '100', '', 'V4,V9', '4', 'Standard', 'PG0', 'RG0', '6005076305FFD7CC0000000000003335']
['DBLIVE_ASM_3336', '3336', 'Online', 'Normal', '2107-900', 'FB', 'P3', '100', '', 'V4,V9', '4', 'Standard', 'PG0', 'RG0', '6005076305FFD7CC0000000000003336']
['DBLIVE_ASM_3337', '3337', 'Online', 'Normal', '2107-900', 'FB', 'P3', '100', '', 'V4,V9', '4', 'Standard', 'PG0', 'RG0', '6005076305FFD7CC0000000000003337']
['DBLIVE_ASM_3338', '3338', 'Online', 'Normal', '2107-900', 'FB', 'P3', '100', '', 'V4,V9', '4', 'Standard', 'PG0', 'RG0', '6005076305FFD7CC0000000000003338']
['DBLIVE_ASM_3339', '3339', 'Online', 'Normal', '2107-900', 'FB', 'P3', '100', '', 'V4,V9', '4', 'Standard', 'PG0', 'RG0', '6005076305FFD7CC0000000000003339']
['DBLIVE_ASM_333A', '333A', 'Online', 'Normal', '2107-900', 'FB', 'P3', '100', '', 'V4,V9', '4', 'Standard', 'PG0', 'RG0', '6005076305FFD7CC000000000000333A']
['DBLIVE_ASM_333B', '333B', 'Online', 'Normal', '2107-900', 'FB', 'P3', '100', '', 'V4,V9', '4', 'Standard', 'PG0', 'RG0', '6005076305FFD7CC000000000000333B']
['DBLIVE_ASM_333C', '333C', 'Online', 'Normal', '2107-900', 'FB', 'P3', '100', '', 'V4,V9', '4', 'Standard', 'PG0', 'RG0', '6005076305FFD7CC000000000000333C']
['DBLIVE_ASM_3340', '3340', 'Online', 'Normal', '2107-900', 'FB', 'P1', '100', '', 'V4,V9', '2', 'Standard', 'PG0', 'RG0', '6005076305FFD7CC0000000000003340']
['DBLIVE_ASM_3341', '3341', 'Online', 'Normal', '2107-900', 'FB', 'P1', '100', '', 'V4,V9', '2', 'Standard', 'PG0', 'RG0', '6005076305FFD7CC0000000000003341']
['DBLIVE_ASM_3342', '3342', 'Online', 'Normal', '2107-900', 'FB', 'P1', '100', '', 'V4,V9', '2', 'Standard', 'PG0', 'RG0', '6005076305FFD7CC0000000000003342']
['DBLIVE_ASM_3343', '3343', 'Online', 'Normal', '2107-900', 'FB', 'P1', '100', '', 'V4,V9', '2', 'Standard', 'PG0', 'RG0', '6005076305FFD7CC0000000000003343']
['DBLIVE_ASM_3344', '3344', 'Online', 'Normal', '2107-900', 'FB', 'P1', '100', '', 'V4,V9', '2', 'Standard', 'PG0', 'RG0', '6005076305FFD7CC0000000000003344']
['DBLIVE_ASM_3345', '3345', 'Online', 'Normal', '2107-900', 'FB', 'P3', '100', '', 'V4,V9', '4', 'Standard', 'PG0', 'RG0', '6005076305FFD7CC0000000000003345']
['DBLIVE_ASM_3346', '3346', 'Online', 'Normal', '2107-900', 'FB', 'P1', '100', '', 'V4,V9', '2', 'Standard', 'PG0', 'RG0', '6005076305FFD7CC0000000000003346']
['DBLIVE_ASM_3347', '3347', 'Online', 'Normal', '2107-900', 'FB', 'P1', '100', '', 'V4,V9', '1', 'Standard', 'PG0', 'RG0', '6005076305FFD7CC0000000000003347']
['DRT24NFST_3450', '3450', 'Online', 'Normal', '2107-900', 'FB', 'P2', '200', '', '-', '7', 'Standard', 'PG0', 'RG0', '6005076305FFD7CC0000000000003450']
['E880_DB1_BK5800', '5800', 'Online', 'Normal', '2107-900', 'FB', 'P2', '100', '', '-', '7', 'Standard', 'PG0', 'RG0', '6005076305FFD7CC0000000000005800']
['E880_DB1_BK5801', '5801', 'Online', 'Normal', '2107-900', 'FB', 'P2', '100', '', '-', '7', 'Standard', 'PG0', 'RG0', '6005076305FFD7CC0000000000005801']
['E880_DB1_BK5802', '5802', 'Online', 'Normal', '2107-900', 'FB', 'P2', '100', '', '-', '7', 'Standard', 'PG0', 'RG0', '6005076305FFD7CC0000000000005802']
['E880_DB1_BK5803', '5803', 'Online', 'Normal', '2107-900', 'FB', 'P2', '100', '', '-', '7', 'Standard', 'PG0', 'RG0', '6005076305FFD7CC0000000000005803']
['E8801_VIOS2_B1', '7000', 'Online', 'Normal', '2107-900', 'FB', 'P2', '100', '', 'V2', '7', 'Standard', 'PG0', 'RG0', '6005076305FFD7CC0000000000007000']
['E8802_VIOS2_B1', '7100', 'Online', 'Normal', '2107-900', 'FB', 'P3', '100', '', 'V7', '4', 'Standard', 'PG0', 'RG0', '6005076305FFD7CC0000000000007100']
['DS8870_R5_V01', 'A000', 'Online', 'Normal', '2107-900', 'FB', 'P6', '1542', '', 'V61', '1', 'Standard', 'PG0', 'RG0', '6005076305FFD7CC000000000000A000']
['DS8870_R5_V03', 'A001', 'Online', 'Normal', '2107-900', 'FB', 'P8', '1542', '', 'V61', '1', 'Standard', 'PG0', 'RG0', '6005076305FFD7CC000000000000A001']
['DS8870_R5_V05', 'A002', 'Online', 'Normal', '2107-900', 'FB', 'P10', '1542', '', 'V61', '1', 'Standard', 'PG0', 'RG0', '6005076305FFD7CC000000000000A002']
['DS8870_R5_V07', 'A003', 'Online', 'Normal', '2107-900', 'FB', 'P12', '1542', '', 'V61', '1', 'Standard', 'PG0', 'RG0', '6005076305FFD7CC000000000000A003']
['DS8870_R5_V09', 'A004', 'Online', 'Normal', '2107-900', 'FB', 'P14', '1542', '', 'V61', '1', 'Standard', 'PG0', 'RG0', '6005076305FFD7CC000000000000A004']
['DS8870_R5_V11', 'A005', 'Online', 'Normal', '2107-900', 'FB', 'P16', '2122', '', 'V61', '1', 'Standard', 'PG0', 'RG0', '6005076305FFD7CC000000000000A005']
['DS8870_R10_V02', 'A006', 'Online', 'Normal', '2107-900', 'FB', 'P18', '2122', '', 'V61', '1', 'Standard', 'PG0', 'RG0', '6005076305FFD7CC000000000000A006']
['DS8870_R5_V13', 'A007', 'Online', 'Normal', '2107-900', 'FB', 'P20', '1542', '', 'V61', '1', 'Standard', 'PG0', 'RG0', '6005076305FFD7CC000000000000A007']
['DS8870_R5_V15', 'A008', 'Online', 'Normal', '2107-900', 'FB', 'P22', '1803', '', 'V61', '1', 'Standard', 'PG0', 'RG0', '6005076305FFD7CC000000000000A008']
['DS8870_R5_V17', 'A009', 'Online', 'Normal', '2107-900', 'FB', 'P24', '1803', '', 'V61', '1', 'Standard', 'PG0', 'RG0', '6005076305FFD7CC000000000000A009']
['DS8870_R5_V19', 'A00A', 'Online', 'Normal', '2107-900', 'FB', 'P26', '1803', '', 'V61', '1', 'Standard', 'PG0', 'RG0', '6005076305FFD7CC000000000000A00A']
['DS8870_R5_V21', 'A00B', 'Online', 'Normal', '2107-900', 'FB', 'P28', '1803', '', 'V61', '1', 'Standard', 'PG0', 'RG0', '6005076305FFD7CC000000000000A00B']
['DS8870_R10_V20', 'A00D', 'Online', 'Normal', '2107-900', 'FB', 'P46', '1017', '', 'V61', '1', 'Standard', 'PG0', 'RG0', '6005076305FFD7CC000000000000A00D']
['DS8870_R10_V22', 'A00E', 'Online', 'Normal', '2107-900', 'FB', 'P48', '1017', '', 'V61', '1', 'Standard', 'PG0', 'RG0', '6005076305FFD7CC000000000000A00E']
['DS8870_R5_V02', 'A100', 'Online', 'Normal', '2107-900', 'FB', 'P7', '1542', '', 'V61', '1', 'Standard', 'PG0', 'RG0', '6005076305FFD7CC000000000000A100']
['DS8870_R5_V04', 'A101', 'Online', 'Normal', '2107-900', 'FB', 'P9', '1542', '', 'V61', '1', 'Standard', 'PG0', 'RG0', '6005076305FFD7CC000000000000A101']
['DS8870_R5_V06', 'A102', 'Online', 'Normal', '2107-900', 'FB', 'P11', '1542', '', 'V61', '1', 'Standard', 'PG0', 'RG0', '6005076305FFD7CC000000000000A102']
['DS8870_R5_V08', 'A103', 'Online', 'Normal', '2107-900', 'FB', 'P13', '1542', '', 'V61', '1', 'Standard', 'PG0', 'RG0', '6005076305FFD7CC000000000000A103']
['DS8870_R5_V10', 'A104', 'Online', 'Normal', '2107-900', 'FB', 'P15', '1542', '', 'V61', '1', 'Standard', 'PG0', 'RG0', '6005076305FFD7CC000000000000A104']
['DS8870_R10_V01', 'A105', 'Online', 'Normal', '2107-900', 'FB', 'P17', '2122', '', 'V61', '1', 'Standard', 'PG0', 'RG0', '6005076305FFD7CC000000000000A105']
['DS8870_R10_V03', 'A106', 'Online', 'Normal', '2107-900', 'FB', 'P19', '2122', '', 'V61', '1', 'Standard', 'PG0', 'RG0', '6005076305FFD7CC000000000000A106']
['DS8870_R5_V12', 'A107', 'Online', 'Normal', '2107-900', 'FB', 'P21', '1542', '', 'V61', '1', 'Standard', 'PG0', 'RG0', '6005076305FFD7CC000000000000A107']
['DS8870_R5_V14', 'A108', 'Online', 'Normal', '2107-900', 'FB', 'P23', '1803', '', 'V61', '1', 'Standard', 'PG0', 'RG0', '6005076305FFD7CC000000000000A108']
['DS8870_R5_V16', 'A109', 'Online', 'Normal', '2107-900', 'FB', 'P25', '1803', '', 'V61', '1', 'Standard', 'PG0', 'RG0', '6005076305FFD7CC000000000000A109']
['DS8870_R5_V18', 'A10A', 'Online', 'Normal', '2107-900', 'FB', 'P27', '1803', '', 'V61', '1', 'Standard', 'PG0', 'RG0', '6005076305FFD7CC000000000000A10A']
['DS8870_R5_V20', 'A10B', 'Online', 'Normal', '2107-900', 'FB', 'P29', '1803', '', 'V61', '1', 'Standard', 'PG0', 'RG0', '6005076305FFD7CC000000000000A10B']
['DS8870_R10_V18', 'A10C', 'Online', 'Normal', '2107-900', 'FB', 'P45', '1017', '', 'V61', '1', 'Standard', 'PG0', 'RG0', '6005076305FFD7CC000000000000A10C']
['DS8870_R10_V21', 'A10D', 'Online', 'Normal', '2107-900', 'FB', 'P47', '1017', '', 'V61', '1', 'Standard', 'PG0', 'RG0', '6005076305FFD7CC000000000000A10D']
['DS8870_R5_V22', 'A10E', 'Online', 'Normal', '2107-900', 'FB', 'P49', '2122', '', 'V61', '1', 'Standard', 'PG0', 'RG0', '6005076305FFD7CC000000000000A10E']
['DS8870_R10_V24', 'A10F', 'Online', 'Normal', '2107-900', 'FB', 'P51', '1017', '', 'V61', '1', 'Standard', 'PG0', 'RG0', '6005076305FFD7CC000000000000A10F']
['DS8870_R10_V26', 'A111', 'Online', 'Normal', '2107-900', 'FB', 'P5', '2122', '', 'V61', '1', 'Standard', 'PG0', 'RG0', '6005076305FFD7CC000000000000A111']
['DS8870_R5_V25', 'A112', 'Online', 'Normal', '2107-900', 'FB', 'P53', '1542', '', 'V61', '1', 'Standard', 'PG0', 'RG0', '6005076305FFD7CC000000000000A112']
['DS8870_R10_V04', 'A200', 'Online', 'Normal', '2107-900', 'FB', 'P30', '1017', '', 'V61', '1', 'Standard', 'PG0', 'RG0', '6005076305FFD7CC000000000000A200']
['DS8870_R10_V06', 'A202', 'Online', 'Normal', '2107-900', 'FB', 'P32', '1017', '', 'V61', '1', 'Standard', 'PG0', 'RG0', '6005076305FFD7CC000000000000A202']
['DS8870_R10_V08', 'A204', 'Online', 'Normal', '2107-900', 'FB', 'P34', '1017', '', 'V61', '1', 'Standard', 'PG0', 'RG0', '6005076305FFD7CC000000000000A204']
['DS8870_R10_V10', 'A206', 'Online', 'Normal', '2107-900', 'FB', 'P36', '1017', '', 'V61', '1', 'Standard', 'PG0', 'RG0', '6005076305FFD7CC000000000000A206']
['DS8870_R10_V12', 'A208', 'Online', 'Normal', '2107-900', 'FB', 'P38', '1017', '', 'V61', '1', 'Standard', 'PG0', 'RG0', '6005076305FFD7CC000000000000A208']
['DS8870_R10_V14', 'A20A', 'Online', 'Normal', '2107-900', 'FB', 'P40', '1017', '', 'V61', '1', 'Standard', 'PG0', 'RG0', '6005076305FFD7CC000000000000A20A']
['DS8870_R10_V16', 'A20C', 'Online', 'Normal', '2107-900', 'FB', 'P42', '1017', '', 'V61', '1', 'Standard', 'PG0', 'RG0', '6005076305FFD7CC000000000000A20C']
['DS8870_R10_V23', 'A20D', 'Online', 'Normal', '2107-900', 'FB', 'P50', '2122', '', 'V61', '1', 'Standard', 'PG0', 'RG0', '6005076305FFD7CC000000000000A20D']
['DS8870_R10_V25', 'A20E', 'Online', 'Normal', '2107-900', 'FB', 'P52', '1017', '', 'V61', '1', 'Standard', 'PG0', 'RG0', '6005076305FFD7CC000000000000A20E']
['DS8870_R10_V27', 'A210', 'Online', 'Normal', '2107-900', 'FB', 'P4', '2122', '', 'V61', '1', 'Standard', 'PG0', 'RG0', '6005076305FFD7CC000000000000A210']
['DS8870_R5_V24', 'A211', 'Online', 'Normal', '2107-900', 'FB', 'P44', '1803', '', 'V61', '1', 'Standard', 'PG0', 'RG0', '6005076305FFD7CC000000000000A211']
['DS8870_R10_V05', 'A300', 'Online', 'Normal', '2107-900', 'FB', 'P31', '1017', '', 'V61', '1', 'Standard', 'PG0', 'RG0', '6005076305FFD7CC000000000000A300']
['DS8870_R10_V07', 'A302', 'Online', 'Normal', '2107-900', 'FB', 'P33', '1017', '', 'V61', '1', 'Standard', 'PG0', 'RG0', '6005076305FFD7CC000000000000A302']
['DS8870_R10_V09', 'A304', 'Online', 'Normal', '2107-900', 'FB', 'P35', '1017', '', 'V61', '1', 'Standard', 'PG0', 'RG0', '6005076305FFD7CC000000000000A304']
['DS8870_R10_V11', 'A306', 'Online', 'Normal', '2107-900', 'FB', 'P37', '1017', '', 'V61', '1', 'Standard', 'PG0', 'RG0', '6005076305FFD7CC000000000000A306']
['DS8870_R10_V13', 'A308', 'Online', 'Normal', '2107-900', 'FB', 'P39', '1017', '', 'V61', '1', 'Standard', 'PG0', 'RG0', '6005076305FFD7CC000000000000A308']
['DS8870_R10_V15', 'A30A', 'Online', 'Normal', '2107-900', 'FB', 'P41', '1017', '', 'V61', '1', 'Standard', 'PG0', 'RG0', '6005076305FFD7CC000000000000A30A']
['DS8870_R10_V17', 'A30C', 'Online', 'Normal', '2107-900', 'FB', 'P43', '1017', '', 'V61', '1', 'Standard', 'PG0', 'RG0', '6005076305FFD7CC000000000000A30C']
['T2DB1_u01BK_C001', 'C001', 'Online', 'Normal', '2107-900', 'FB', 'P2', '100', '', '-', '7', 'Standard', 'PG0', 'RG0', '6005076305FFD7CC000000000000C001']
['T2DB2_u01BK_C002', 'C002', 'Online', 'Normal', '2107-900', 'FB', 'P2', '100', '', '-', '7', 'Standard', 'PG0', 'RG0', '6005076305FFD7CC000000000000C002']
['T2DB1RVG_BK_C003', 'C003', 'Online', 'Normal', '2107-900', 'FB', 'P2', '150', '', '-', '7', 'Standard', 'PG0', 'RG0', '6005076305FFD7CC000000000000C003']
['T2DB1_u01BK_C101', 'C101', 'Online', 'Normal', '2107-900', 'FB', 'P1', '100', '', '-', '2', 'Standard', 'PG0', 'RG0', '6005076305FFD7CC000000000000C101']
['T2DB2_u01BK_C102', 'C102', 'Online', 'Normal', '2107-900', 'FB', 'P1', '100', '', '-', '2', 'Standard', 'PG0', 'RG0', '6005076305FFD7CC000000000000C102']
['T2DB2RVG_BK_C103', 'C103', 'Online', 'Normal', '2107-900', 'FB', 'P1', '100', '', '-', '2', 'Standard', 'PG0', 'RG0', '6005076305FFD7CC000000000000C103']
